<?xml version="1.0" encoding="UTF-8"?>
<!-- Generated by org.testng.reporters.JUnitReportReporter -->
<testsuite hostname="BSD-RyanIl-NB" failures="0" tests="4" name="Examples" time="1.488" errors="0" timestamp="2021-07-12T19:54:22 WIB" skipped="0">
  <testcase classname="Examples" name="test_delete" time="1.346"/>
  <system-out/>
  <testcase classname="Examples" name="test_get" time="0.047"/>
  <system-out/>
  <testcase classname="Examples" name="test_patch" time="0.055"/>
  <system-out/>
  <testcase classname="Examples" name="test_put" time="0.040"/>
  <system-out/>
</testsuite> <!-- Examples -->
