<?xml version="1.0" encoding="UTF-8"?>
<!-- Generated by org.testng.reporters.JUnitReportReporter -->
<testsuite hostname="BSD-RyanIl-NB" failures="0" tests="1" name="Test_GET" time="3.088" errors="0" timestamp="2021-08-31T19:10:48 WIB" skipped="0">
  <testcase classname="Test_GET" name="test_1" time="3.088"/>
  <system-out/>
</testsuite> <!-- Test_GET -->
