<?xml version="1.0" encoding="UTF-8"?>
<!-- Generated by org.testng.reporters.JUnitReportReporter -->
<testsuite hostname="BSD-RyanIl-NB" failures="0" tests="1" name="Test01_GET" time="2.574" errors="0" timestamp="2021-07-10T19:42:56 WIB" skipped="0">
  <testcase classname="Test01_GET" name="test_02" time="2.574"/>
  <system-out/>
</testsuite> <!-- Test01_GET -->
