<?xml version="1.0" encoding="UTF-8"?>
<!-- Generated by org.testng.reporters.JUnitReportReporter -->
<testsuite hostname="BSD-RyanIl-NB" failures="0" tests="1" name="Test_POST" time="2.499" errors="0" timestamp="2021-07-12T19:01:17 WIB" skipped="0">
  <testcase classname="Test_POST" name="test_post" time="2.499"/>
  <system-out/>
</testsuite> <!-- Test_POST -->
